{"C:\\Users\\kiril\\Desktop\\Study GeekBrains\\React\\10\\src\\components\\ui\\Button.jsx": {"path":"C:\\Users\\kiril\\Desktop\\Study GeekBrains\\React\\10\\src\\components\\ui\\Button.jsx","statementMap":{"0":{"start":{"line":4,"column":2},"end":{"line":8,"column":3}},"1":{"start":{"line":11,"column":0},"end":{"line":13,"column":1}}},"fnMap":{"0":{"name":"Button","decl":{"start":{"line":3,"column":16},"end":{"line":3,"column":22}},"loc":{"start":{"line":3,"column":30},"end":{"line":9,"column":1}},"line":3}},"branchMap":{},"s":{"0":9,"1":1},"f":{"0":9},"b":{},"_coverageSchema":"1a1c01bbd47fc00a2c39e90264f33305004495a9","hash":"b28f5833edd1efea2acf5cce3da1a2669fde2b38"}
}
